<?xml version="1.0" encoding="UTF-8"?>
<testsuite xmlns:xsi="http://www.w3.org/2001/XMLSchema-instance" xsi:noNamespaceSchemaLocation="https://maven.apache.org/surefire/maven-surefire-plugin/xsd/surefire-test-report.xsd" name="com.cyqqq.platform.common.CommonApplicationTests" time="2.704" tests="1" errors="0" skipped="0" failures="0">
  <properties>
    <property name="sun.desktop" value="windows"/>
    <property name="awt.toolkit" value="sun.awt.windows.WToolkit"/>
    <property name="java.specification.version" value="11"/>
    <property name="sun.cpu.isalist" value="amd64"/>
    <property name="sun.jnu.encoding" value="GBK"/>
    <property name="java.class.path" value="E:\github\platform\platform-common\target\test-classes;E:\github\platform\platform-common\target\classes;E:\maven-repo\org\springframework\boot\spring-boot-starter\2.0.5.RELEASE\spring-boot-starter-2.0.5.RELEASE.jar;E:\maven-repo\org\springframework\boot\spring-boot\2.0.5.RELEASE\spring-boot-2.0.5.RELEASE.jar;E:\maven-repo\org\springframework\spring-context\5.0.9.RELEASE\spring-context-5.0.9.RELEASE.jar;E:\maven-repo\org\springframework\spring-aop\5.0.9.RELEASE\spring-aop-5.0.9.RELEASE.jar;E:\maven-repo\org\springframework\spring-beans\5.0.9.RELEASE\spring-beans-5.0.9.RELEASE.jar;E:\maven-repo\org\springframework\spring-expression\5.0.9.RELEASE\spring-expression-5.0.9.RELEASE.jar;E:\maven-repo\org\springframework\boot\spring-boot-autoconfigure\2.0.5.RELEASE\spring-boot-autoconfigure-2.0.5.RELEASE.jar;E:\maven-repo\org\springframework\boot\spring-boot-starter-logging\2.0.5.RELEASE\spring-boot-starter-logging-2.0.5.RELEASE.jar;E:\maven-repo\ch\qos\logback\logback-classic\1.2.3\logback-classic-1.2.3.jar;E:\maven-repo\ch\qos\logback\logback-core\1.2.3\logback-core-1.2.3.jar;E:\maven-repo\org\apache\logging\log4j\log4j-to-slf4j\2.10.0\log4j-to-slf4j-2.10.0.jar;E:\maven-repo\org\apache\logging\log4j\log4j-api\2.10.0\log4j-api-2.10.0.jar;E:\maven-repo\org\slf4j\jul-to-slf4j\1.7.25\jul-to-slf4j-1.7.25.jar;E:\maven-repo\javax\annotation\javax.annotation-api\1.3.2\javax.annotation-api-1.3.2.jar;E:\maven-repo\org\springframework\spring-core\5.0.9.RELEASE\spring-core-5.0.9.RELEASE.jar;E:\maven-repo\org\springframework\spring-jcl\5.0.9.RELEASE\spring-jcl-5.0.9.RELEASE.jar;E:\maven-repo\org\yaml\snakeyaml\1.19\snakeyaml-1.19.jar;E:\maven-repo\org\springframework\boot\spring-boot-starter-test\2.0.5.RELEASE\spring-boot-starter-test-2.0.5.RELEASE.jar;E:\maven-repo\org\springframework\boot\spring-boot-test\2.0.5.RELEASE\spring-boot-test-2.0.5.RELEASE.jar;E:\maven-repo\org\springframework\boot\spring-boot-test-autoconfigure\2.0.5.RELEASE\spring-boot-test-autoconfigure-2.0.5.RELEASE.jar;E:\maven-repo\com\jayway\jsonpath\json-path\2.4.0\json-path-2.4.0.jar;E:\maven-repo\net\minidev\json-smart\2.3\json-smart-2.3.jar;E:\maven-repo\net\minidev\accessors-smart\1.2\accessors-smart-1.2.jar;E:\maven-repo\org\ow2\asm\asm\5.0.4\asm-5.0.4.jar;E:\maven-repo\org\slf4j\slf4j-api\1.7.25\slf4j-api-1.7.25.jar;E:\maven-repo\junit\junit\4.12\junit-4.12.jar;E:\maven-repo\org\assertj\assertj-core\3.9.1\assertj-core-3.9.1.jar;E:\maven-repo\org\mockito\mockito-core\2.15.0\mockito-core-2.15.0.jar;E:\maven-repo\net\bytebuddy\byte-buddy\1.7.11\byte-buddy-1.7.11.jar;E:\maven-repo\net\bytebuddy\byte-buddy-agent\1.7.11\byte-buddy-agent-1.7.11.jar;E:\maven-repo\org\objenesis\objenesis\2.6\objenesis-2.6.jar;E:\maven-repo\org\hamcrest\hamcrest-core\1.3\hamcrest-core-1.3.jar;E:\maven-repo\org\hamcrest\hamcrest-library\1.3\hamcrest-library-1.3.jar;E:\maven-repo\org\skyscreamer\jsonassert\1.5.0\jsonassert-1.5.0.jar;E:\maven-repo\com\vaadin\external\google\android-json\0.0.20131108.vaadin1\android-json-0.0.20131108.vaadin1.jar;E:\maven-repo\org\springframework\spring-test\5.0.9.RELEASE\spring-test-5.0.9.RELEASE.jar;E:\maven-repo\org\xmlunit\xmlunit-core\2.5.1\xmlunit-core-2.5.1.jar;E:\maven-repo\org\apache\shiro\shiro-spring\1.4.0\shiro-spring-1.4.0.jar;E:\maven-repo\org\apache\shiro\shiro-core\1.4.0\shiro-core-1.4.0.jar;E:\maven-repo\org\apache\shiro\shiro-lang\1.4.0\shiro-lang-1.4.0.jar;E:\maven-repo\org\apache\shiro\shiro-cache\1.4.0\shiro-cache-1.4.0.jar;E:\maven-repo\org\apache\shiro\shiro-crypto-hash\1.4.0\shiro-crypto-hash-1.4.0.jar;E:\maven-repo\org\apache\shiro\shiro-crypto-core\1.4.0\shiro-crypto-core-1.4.0.jar;E:\maven-repo\org\apache\shiro\shiro-crypto-cipher\1.4.0\shiro-crypto-cipher-1.4.0.jar;E:\maven-repo\org\apache\shiro\shiro-config-core\1.4.0\shiro-config-core-1.4.0.jar;E:\maven-repo\org\apache\shiro\shiro-config-ogdl\1.4.0\shiro-config-ogdl-1.4.0.jar;E:\maven-repo\commons-beanutils\commons-beanutils\1.9.3\commons-beanutils-1.9.3.jar;E:\maven-repo\commons-collections\commons-collections\3.2.2\commons-collections-3.2.2.jar;E:\maven-repo\org\apache\shiro\shiro-event\1.4.0\shiro-event-1.4.0.jar;E:\maven-repo\org\apache\shiro\shiro-web\1.4.0\shiro-web-1.4.0.jar;"/>
    <property name="java.vm.vendor" value="Oracle Corporation"/>
    <property name="sun.arch.data.model" value="64"/>
    <property name="user.variant" value=""/>
    <property name="java.vendor.url" value="http://java.oracle.com/"/>
    <property name="user.timezone" value=""/>
    <property name="java.vm.specification.version" value="11"/>
    <property name="os.name" value="Windows 10"/>
    <property name="sun.java.launcher" value="SUN_STANDARD"/>
    <property name="user.country" value="CN"/>
    <property name="sun.boot.library.path" value="D:\java\jdk11\bin"/>
    <property name="sun.java.command" value="C:\Users\DWXQNS~1\AppData\Local\Temp\surefire4536699188798312458\surefirebooter17381872302640035001.jar C:\Users\Dwxqnswxl\AppData\Local\Temp\surefire4536699188798312458 2018-09-30T15-49-32_746-jvmRun1 surefire16138219140803567944tmp surefire_07190078380506267430tmp"/>
    <property name="jdk.debug" value="release"/>
    <property name="surefire.test.class.path" value="E:\github\platform\platform-common\target\test-classes;E:\github\platform\platform-common\target\classes;E:\maven-repo\org\springframework\boot\spring-boot-starter\2.0.5.RELEASE\spring-boot-starter-2.0.5.RELEASE.jar;E:\maven-repo\org\springframework\boot\spring-boot\2.0.5.RELEASE\spring-boot-2.0.5.RELEASE.jar;E:\maven-repo\org\springframework\spring-context\5.0.9.RELEASE\spring-context-5.0.9.RELEASE.jar;E:\maven-repo\org\springframework\spring-aop\5.0.9.RELEASE\spring-aop-5.0.9.RELEASE.jar;E:\maven-repo\org\springframework\spring-beans\5.0.9.RELEASE\spring-beans-5.0.9.RELEASE.jar;E:\maven-repo\org\springframework\spring-expression\5.0.9.RELEASE\spring-expression-5.0.9.RELEASE.jar;E:\maven-repo\org\springframework\boot\spring-boot-autoconfigure\2.0.5.RELEASE\spring-boot-autoconfigure-2.0.5.RELEASE.jar;E:\maven-repo\org\springframework\boot\spring-boot-starter-logging\2.0.5.RELEASE\spring-boot-starter-logging-2.0.5.RELEASE.jar;E:\maven-repo\ch\qos\logback\logback-classic\1.2.3\logback-classic-1.2.3.jar;E:\maven-repo\ch\qos\logback\logback-core\1.2.3\logback-core-1.2.3.jar;E:\maven-repo\org\apache\logging\log4j\log4j-to-slf4j\2.10.0\log4j-to-slf4j-2.10.0.jar;E:\maven-repo\org\apache\logging\log4j\log4j-api\2.10.0\log4j-api-2.10.0.jar;E:\maven-repo\org\slf4j\jul-to-slf4j\1.7.25\jul-to-slf4j-1.7.25.jar;E:\maven-repo\javax\annotation\javax.annotation-api\1.3.2\javax.annotation-api-1.3.2.jar;E:\maven-repo\org\springframework\spring-core\5.0.9.RELEASE\spring-core-5.0.9.RELEASE.jar;E:\maven-repo\org\springframework\spring-jcl\5.0.9.RELEASE\spring-jcl-5.0.9.RELEASE.jar;E:\maven-repo\org\yaml\snakeyaml\1.19\snakeyaml-1.19.jar;E:\maven-repo\org\springframework\boot\spring-boot-starter-test\2.0.5.RELEASE\spring-boot-starter-test-2.0.5.RELEASE.jar;E:\maven-repo\org\springframework\boot\spring-boot-test\2.0.5.RELEASE\spring-boot-test-2.0.5.RELEASE.jar;E:\maven-repo\org\springframework\boot\spring-boot-test-autoconfigure\2.0.5.RELEASE\spring-boot-test-autoconfigure-2.0.5.RELEASE.jar;E:\maven-repo\com\jayway\jsonpath\json-path\2.4.0\json-path-2.4.0.jar;E:\maven-repo\net\minidev\json-smart\2.3\json-smart-2.3.jar;E:\maven-repo\net\minidev\accessors-smart\1.2\accessors-smart-1.2.jar;E:\maven-repo\org\ow2\asm\asm\5.0.4\asm-5.0.4.jar;E:\maven-repo\org\slf4j\slf4j-api\1.7.25\slf4j-api-1.7.25.jar;E:\maven-repo\junit\junit\4.12\junit-4.12.jar;E:\maven-repo\org\assertj\assertj-core\3.9.1\assertj-core-3.9.1.jar;E:\maven-repo\org\mockito\mockito-core\2.15.0\mockito-core-2.15.0.jar;E:\maven-repo\net\bytebuddy\byte-buddy\1.7.11\byte-buddy-1.7.11.jar;E:\maven-repo\net\bytebuddy\byte-buddy-agent\1.7.11\byte-buddy-agent-1.7.11.jar;E:\maven-repo\org\objenesis\objenesis\2.6\objenesis-2.6.jar;E:\maven-repo\org\hamcrest\hamcrest-core\1.3\hamcrest-core-1.3.jar;E:\maven-repo\org\hamcrest\hamcrest-library\1.3\hamcrest-library-1.3.jar;E:\maven-repo\org\skyscreamer\jsonassert\1.5.0\jsonassert-1.5.0.jar;E:\maven-repo\com\vaadin\external\google\android-json\0.0.20131108.vaadin1\android-json-0.0.20131108.vaadin1.jar;E:\maven-repo\org\springframework\spring-test\5.0.9.RELEASE\spring-test-5.0.9.RELEASE.jar;E:\maven-repo\org\xmlunit\xmlunit-core\2.5.1\xmlunit-core-2.5.1.jar;E:\maven-repo\org\apache\shiro\shiro-spring\1.4.0\shiro-spring-1.4.0.jar;E:\maven-repo\org\apache\shiro\shiro-core\1.4.0\shiro-core-1.4.0.jar;E:\maven-repo\org\apache\shiro\shiro-lang\1.4.0\shiro-lang-1.4.0.jar;E:\maven-repo\org\apache\shiro\shiro-cache\1.4.0\shiro-cache-1.4.0.jar;E:\maven-repo\org\apache\shiro\shiro-crypto-hash\1.4.0\shiro-crypto-hash-1.4.0.jar;E:\maven-repo\org\apache\shiro\shiro-crypto-core\1.4.0\shiro-crypto-core-1.4.0.jar;E:\maven-repo\org\apache\shiro\shiro-crypto-cipher\1.4.0\shiro-crypto-cipher-1.4.0.jar;E:\maven-repo\org\apache\shiro\shiro-config-core\1.4.0\shiro-config-core-1.4.0.jar;E:\maven-repo\org\apache\shiro\shiro-config-ogdl\1.4.0\shiro-config-ogdl-1.4.0.jar;E:\maven-repo\commons-beanutils\commons-beanutils\1.9.3\commons-beanutils-1.9.3.jar;E:\maven-repo\commons-collections\commons-collections\3.2.2\commons-collections-3.2.2.jar;E:\maven-repo\org\apache\shiro\shiro-event\1.4.0\shiro-event-1.4.0.jar;E:\maven-repo\org\apache\shiro\shiro-web\1.4.0\shiro-web-1.4.0.jar;"/>
    <property name="sun.cpu.endian" value="little"/>
    <property name="user.home" value="C:\Users\Dwxqnswxl"/>
    <property name="user.language" value="zh"/>
    <property name="java.specification.vendor" value="Oracle Corporation"/>
    <property name="java.version.date" value="2018-09-25"/>
    <property name="java.home" value="D:\java\jdk11"/>
    <property name="file.separator" value="\"/>
    <property name="basedir" value="E:\github\platform\platform-common"/>
    <property name="java.vm.compressedOopsMode" value="32-bit"/>
    <property name="line.separator" value="&#10;"/>
    <property name="java.specification.name" value="Java Platform API Specification"/>
    <property name="java.vm.specification.vendor" value="Oracle Corporation"/>
    <property name="java.awt.graphicsenv" value="sun.awt.Win32GraphicsEnvironment"/>
    <property name="surefire.real.class.path" value="C:\Users\DWXQNS~1\AppData\Local\Temp\surefire4536699188798312458\surefirebooter17381872302640035001.jar"/>
    <property name="user.script" value=""/>
    <property name="sun.management.compiler" value="HotSpot 64-Bit Tiered Compilers"/>
    <property name="java.runtime.version" value="11+28"/>
    <property name="user.name" value="Dwxqnswxl"/>
    <property name="path.separator" value=";"/>
    <property name="os.version" value="10.0"/>
    <property name="java.runtime.name" value="Java(TM) SE Runtime Environment"/>
    <property name="file.encoding" value="GBK"/>
    <property name="java.vm.name" value="Java HotSpot(TM) 64-Bit Server VM"/>
    <property name="java.vendor.version" value="18.9"/>
    <property name="localRepository" value="E:\maven-repo"/>
    <property name="java.vendor.url.bug" value="http://bugreport.java.com/bugreport/"/>
    <property name="java.io.tmpdir" value="C:\Users\DWXQNS~1\AppData\Local\Temp\"/>
    <property name="idea.version" value="2018.1.6"/>
    <property name="java.version" value="11"/>
    <property name="user.dir" value="E:\github\platform\platform-common"/>
    <property name="os.arch" value="amd64"/>
    <property name="java.vm.specification.name" value="Java Virtual Machine Specification"/>
    <property name="java.awt.printerjob" value="sun.awt.windows.WPrinterJob"/>
    <property name="sun.os.patch.level" value=""/>
    <property name="java.library.path" value="D:\java\jdk11\bin;C:\Windows\Sun\Java\bin;C:\Windows\system32;C:\Windows;C:\Program Files\Docker\Docker\Resources\bin;D:\CRT\;C:\Program Files (x86)\Common Files\Oracle\Java\javapath;D:\anaconda;D:\anaconda\Library\mingw-w64\bin;D:\anaconda\Library\usr\bin;D:\anaconda\Library\bin;D:\anaconda\Scripts;C:\Windows\system32;C:\Windows;C:\Windows\System32\Wbem;C:\Windows\System32\WindowsPowerShell\v1.0\;C:\Windows\System32\OpenSSH\;C:\Program Files\Microsoft VS Code\bin;D:\Git\cmd;D:\java\JDK1.8\bin;D:\mysql\bin;D:\Go\bin;D:\Gopath\bin;D:\node\;C:\Program Files (x86)\Windows Kits\8.1\Windows Performance Toolkit\;D:\rocketmq-all-4.3.0-bin-release\bin;%ERLANG_HOME%\bin;C:\Users\Dwxqnswxl\AppData\Local\Microsoft\WindowsApps;C:\Users\Dwxqnswxl\AppData\Roaming\npm;D:\Microsoft VS Code\bin;D:\fiddler;."/>
    <property name="java.vendor" value="Oracle Corporation"/>
    <property name="java.vm.info" value="mixed mode"/>
    <property name="java.vm.version" value="11+28"/>
    <property name="sun.io.unicode.encoding" value="UnicodeLittle"/>
    <property name="java.class.version" value="55.0"/>
  </properties>
  <testcase name="contextLoads" classname="com.cyqqq.platform.common.CommonApplicationTests" time="0.121"/>
</testsuite>